2014/03/26 13:41:43 [error] [exception.CHttpException.404] exception 'CHttpException' with message 'Unable to resolve the request "site".' in C:\AppServ\www\test\framework\web\CWebApplication.php:286
Stack trace:
#0 C:\AppServ\www\test\framework\web\CWebApplication.php(141): CWebApplication->runController('')
#1 C:\AppServ\www\test\framework\base\CApplication.php(169): CWebApplication->processRequest()
#2 C:\AppServ\www\test\admin.php(13): CApplication->run()
#3 {main}
REQUEST_URI=/test/admin
---
2014/03/26 13:41:46 [error] [exception.CHttpException.404] exception 'CHttpException' with message 'Unable to resolve the request "site".' in C:\AppServ\www\test\framework\web\CWebApplication.php:286
Stack trace:
#0 C:\AppServ\www\test\framework\web\CWebApplication.php(141): CWebApplication->runController('')
#1 C:\AppServ\www\test\framework\base\CApplication.php(169): CWebApplication->processRequest()
#2 C:\AppServ\www\test\admin.php(13): CApplication->run()
#3 {main}
REQUEST_URI=/test/admin
---
2014/03/26 13:41:47 [error] [exception.CHttpException.404] exception 'CHttpException' with message 'Unable to resolve the request "site".' in C:\AppServ\www\test\framework\web\CWebApplication.php:286
Stack trace:
#0 C:\AppServ\www\test\framework\web\CWebApplication.php(141): CWebApplication->runController('')
#1 C:\AppServ\www\test\framework\base\CApplication.php(169): CWebApplication->processRequest()
#2 C:\AppServ\www\test\admin.php(13): CApplication->run()
#3 {main}
REQUEST_URI=/test/admin
---
2014/03/26 13:42:50 [error] [exception.CHttpException.404] exception 'CHttpException' with message 'Unable to resolve the request "site".' in C:\AppServ\www\test\framework\web\CWebApplication.php:286
Stack trace:
#0 C:\AppServ\www\test\framework\web\CWebApplication.php(141): CWebApplication->runController('')
#1 C:\AppServ\www\test\framework\base\CApplication.php(169): CWebApplication->processRequest()
#2 C:\AppServ\www\test\admin.php(13): CApplication->run()
#3 {main}
REQUEST_URI=/test/admin
---
2014/03/26 13:43:10 [error] [exception.CHttpException.404] exception 'CHttpException' with message 'Unable to resolve the request "site".' in C:\AppServ\www\test\framework\web\CWebApplication.php:286
Stack trace:
#0 C:\AppServ\www\test\framework\web\CWebApplication.php(141): CWebApplication->runController('')
#1 C:\AppServ\www\test\framework\base\CApplication.php(169): CWebApplication->processRequest()
#2 C:\AppServ\www\test\admin.php(13): CApplication->run()
#3 {main}
REQUEST_URI=/test/admin
---
2014/03/26 13:44:11 [error] [exception.CHttpException.404] exception 'CHttpException' with message 'Unable to resolve the request "site".' in C:\AppServ\www\test\framework\web\CWebApplication.php:286
Stack trace:
#0 C:\AppServ\www\test\framework\web\CWebApplication.php(141): CWebApplication->runController('')
#1 C:\AppServ\www\test\framework\base\CApplication.php(169): CWebApplication->processRequest()
#2 C:\AppServ\www\test\admin.php(13): CApplication->run()
#3 {main}
REQUEST_URI=/test/admin
---
2014/03/26 13:44:13 [error] [exception.CHttpException.404] exception 'CHttpException' with message 'Unable to resolve the request "site".' in C:\AppServ\www\test\framework\web\CWebApplication.php:286
Stack trace:
#0 C:\AppServ\www\test\framework\web\CWebApplication.php(141): CWebApplication->runController('')
#1 C:\AppServ\www\test\framework\base\CApplication.php(169): CWebApplication->processRequest()
#2 C:\AppServ\www\test\admin.php(13): CApplication->run()
#3 {main}
REQUEST_URI=/test/admin
---
2014/03/26 13:44:13 [error] [exception.CHttpException.404] exception 'CHttpException' with message 'Unable to resolve the request "site".' in C:\AppServ\www\test\framework\web\CWebApplication.php:286
Stack trace:
#0 C:\AppServ\www\test\framework\web\CWebApplication.php(141): CWebApplication->runController('')
#1 C:\AppServ\www\test\framework\base\CApplication.php(169): CWebApplication->processRequest()
#2 C:\AppServ\www\test\admin.php(13): CApplication->run()
#3 {main}
REQUEST_URI=/test/admin
---
2014/03/26 13:44:14 [error] [exception.CHttpException.404] exception 'CHttpException' with message 'Unable to resolve the request "site".' in C:\AppServ\www\test\framework\web\CWebApplication.php:286
Stack trace:
#0 C:\AppServ\www\test\framework\web\CWebApplication.php(141): CWebApplication->runController('')
#1 C:\AppServ\www\test\framework\base\CApplication.php(169): CWebApplication->processRequest()
#2 C:\AppServ\www\test\admin.php(13): CApplication->run()
#3 {main}
REQUEST_URI=/test/admin
---
2014/03/26 13:44:46 [error] [exception.CHttpException.404] exception 'CHttpException' with message 'Unable to resolve the request "site".' in C:\AppServ\www\test\framework\web\CWebApplication.php:286
Stack trace:
#0 C:\AppServ\www\test\framework\web\CWebApplication.php(141): CWebApplication->runController('')
#1 C:\AppServ\www\test\framework\base\CApplication.php(169): CWebApplication->processRequest()
#2 C:\AppServ\www\test\admin.php(13): CApplication->run()
#3 {main}
REQUEST_URI=/test/admin
---
2014/03/26 13:44:47 [error] [exception.CHttpException.404] exception 'CHttpException' with message 'Unable to resolve the request "site".' in C:\AppServ\www\test\framework\web\CWebApplication.php:286
Stack trace:
#0 C:\AppServ\www\test\framework\web\CWebApplication.php(141): CWebApplication->runController('')
#1 C:\AppServ\www\test\framework\base\CApplication.php(169): CWebApplication->processRequest()
#2 C:\AppServ\www\test\admin.php(13): CApplication->run()
#3 {main}
REQUEST_URI=/test/admin
---
2014/03/26 13:44:48 [error] [exception.CHttpException.404] exception 'CHttpException' with message 'Unable to resolve the request "site".' in C:\AppServ\www\test\framework\web\CWebApplication.php:286
Stack trace:
#0 C:\AppServ\www\test\framework\web\CWebApplication.php(141): CWebApplication->runController('')
#1 C:\AppServ\www\test\framework\base\CApplication.php(169): CWebApplication->processRequest()
#2 C:\AppServ\www\test\admin.php(13): CApplication->run()
#3 {main}
REQUEST_URI=/test/admin
---
2014/03/26 13:44:48 [error] [exception.CHttpException.404] exception 'CHttpException' with message 'Unable to resolve the request "site".' in C:\AppServ\www\test\framework\web\CWebApplication.php:286
Stack trace:
#0 C:\AppServ\www\test\framework\web\CWebApplication.php(141): CWebApplication->runController('')
#1 C:\AppServ\www\test\framework\base\CApplication.php(169): CWebApplication->processRequest()
#2 C:\AppServ\www\test\admin.php(13): CApplication->run()
#3 {main}
REQUEST_URI=/test/admin
---
2014/03/26 13:44:49 [error] [exception.CHttpException.404] exception 'CHttpException' with message 'Unable to resolve the request "site".' in C:\AppServ\www\test\framework\web\CWebApplication.php:286
Stack trace:
#0 C:\AppServ\www\test\framework\web\CWebApplication.php(141): CWebApplication->runController('')
#1 C:\AppServ\www\test\framework\base\CApplication.php(169): CWebApplication->processRequest()
#2 C:\AppServ\www\test\admin.php(13): CApplication->run()
#3 {main}
REQUEST_URI=/test/admin
---
2014/03/26 13:44:50 [error] [exception.CHttpException.404] exception 'CHttpException' with message 'Unable to resolve the request "site".' in C:\AppServ\www\test\framework\web\CWebApplication.php:286
Stack trace:
#0 C:\AppServ\www\test\framework\web\CWebApplication.php(141): CWebApplication->runController('')
#1 C:\AppServ\www\test\framework\base\CApplication.php(169): CWebApplication->processRequest()
#2 C:\AppServ\www\test\admin.php(13): CApplication->run()
#3 {main}
REQUEST_URI=/test/admin
---
2014/03/26 13:45:05 [error] [exception.CHttpException.404] exception 'CHttpException' with message 'Unable to resolve the request "site".' in C:\AppServ\www\test\framework\web\CWebApplication.php:286
Stack trace:
#0 C:\AppServ\www\test\framework\web\CWebApplication.php(141): CWebApplication->runController('')
#1 C:\AppServ\www\test\framework\base\CApplication.php(169): CWebApplication->processRequest()
#2 C:\AppServ\www\test\admin.php(13): CApplication->run()
#3 {main}
REQUEST_URI=/test/admin.php
---
2014/03/26 13:45:10 [error] [exception.CHttpException.404] exception 'CHttpException' with message 'Unable to resolve the request "site".' in C:\AppServ\www\test\framework\web\CWebApplication.php:286
Stack trace:
#0 C:\AppServ\www\test\framework\web\CWebApplication.php(141): CWebApplication->runController('')
#1 C:\AppServ\www\test\framework\base\CApplication.php(169): CWebApplication->processRequest()
#2 C:\AppServ\www\test\admin.php(13): CApplication->run()
#3 {main}
REQUEST_URI=/test/admin.php
HTTP_REFERER=http://localhost/test/admin.php
---
2014/03/26 13:45:16 [error] [exception.CHttpException.404] exception 'CHttpException' with message 'Unable to resolve the request "site".' in C:\AppServ\www\test\framework\web\CWebApplication.php:286
Stack trace:
#0 C:\AppServ\www\test\framework\web\CWebApplication.php(141): CWebApplication->runController('')
#1 C:\AppServ\www\test\framework\base\CApplication.php(169): CWebApplication->processRequest()
#2 C:\AppServ\www\test\admin.php(13): CApplication->run()
#3 {main}
REQUEST_URI=/test/admin.php
HTTP_REFERER=http://localhost/test/admin.php
---
2014/03/26 13:47:06 [error] [exception.CHttpException.404] exception 'CHttpException' with message 'Unable to resolve the request "site".' in C:\AppServ\www\test\framework\web\CWebApplication.php:286
Stack trace:
#0 C:\AppServ\www\test\framework\web\CWebApplication.php(141): CWebApplication->runController('')
#1 C:\AppServ\www\test\framework\base\CApplication.php(169): CWebApplication->processRequest()
#2 C:\AppServ\www\test\admin.php(13): CApplication->run()
#3 {main}
REQUEST_URI=/test/admin
---
2014/03/26 13:47:08 [error] [exception.CHttpException.404] exception 'CHttpException' with message 'Unable to resolve the request "site".' in C:\AppServ\www\test\framework\web\CWebApplication.php:286
Stack trace:
#0 C:\AppServ\www\test\framework\web\CWebApplication.php(141): CWebApplication->runController('')
#1 C:\AppServ\www\test\framework\base\CApplication.php(169): CWebApplication->processRequest()
#2 C:\AppServ\www\test\admin.php(13): CApplication->run()
#3 {main}
REQUEST_URI=/test/admin
---
2014/03/26 13:47:21 [error] [exception.CHttpException.404] exception 'CHttpException' with message 'Unable to resolve the request "site".' in C:\AppServ\www\test\framework\web\CWebApplication.php:286
Stack trace:
#0 C:\AppServ\www\test\framework\web\CWebApplication.php(141): CWebApplication->runController('')
#1 C:\AppServ\www\test\framework\base\CApplication.php(169): CWebApplication->processRequest()
#2 C:\AppServ\www\test\admin.php(13): CApplication->run()
#3 {main}
REQUEST_URI=/test/admin
---
2014/03/26 13:47:23 [error] [exception.CHttpException.404] exception 'CHttpException' with message 'Unable to resolve the request "site".' in C:\AppServ\www\test\framework\web\CWebApplication.php:286
Stack trace:
#0 C:\AppServ\www\test\framework\web\CWebApplication.php(141): CWebApplication->runController('')
#1 C:\AppServ\www\test\framework\base\CApplication.php(169): CWebApplication->processRequest()
#2 C:\AppServ\www\test\admin.php(13): CApplication->run()
#3 {main}
REQUEST_URI=/test/admin
---
2014/03/26 13:47:25 [error] [exception.CHttpException.404] exception 'CHttpException' with message 'Unable to resolve the request "site".' in C:\AppServ\www\test\framework\web\CWebApplication.php:286
Stack trace:
#0 C:\AppServ\www\test\framework\web\CWebApplication.php(141): CWebApplication->runController('')
#1 C:\AppServ\www\test\framework\base\CApplication.php(169): CWebApplication->processRequest()
#2 C:\AppServ\www\test\admin.php(13): CApplication->run()
#3 {main}
REQUEST_URI=/test/admin
---
2014/03/26 13:48:36 [error] [exception.CHttpException.404] exception 'CHttpException' with message 'Unable to resolve the request "site".' in C:\AppServ\www\test\framework\web\CWebApplication.php:286
Stack trace:
#0 C:\AppServ\www\test\framework\web\CWebApplication.php(141): CWebApplication->runController('')
#1 C:\AppServ\www\test\framework\base\CApplication.php(169): CWebApplication->processRequest()
#2 C:\AppServ\www\test\admin.php(13): CApplication->run()
#3 {main}
REQUEST_URI=/test/admin
---
2014/03/26 13:48:37 [error] [exception.CHttpException.404] exception 'CHttpException' with message 'Unable to resolve the request "site".' in C:\AppServ\www\test\framework\web\CWebApplication.php:286
Stack trace:
#0 C:\AppServ\www\test\framework\web\CWebApplication.php(141): CWebApplication->runController('')
#1 C:\AppServ\www\test\framework\base\CApplication.php(169): CWebApplication->processRequest()
#2 C:\AppServ\www\test\admin.php(13): CApplication->run()
#3 {main}
REQUEST_URI=/test/admin
---
2014/03/26 13:48:38 [error] [exception.CHttpException.404] exception 'CHttpException' with message 'Unable to resolve the request "site".' in C:\AppServ\www\test\framework\web\CWebApplication.php:286
Stack trace:
#0 C:\AppServ\www\test\framework\web\CWebApplication.php(141): CWebApplication->runController('')
#1 C:\AppServ\www\test\framework\base\CApplication.php(169): CWebApplication->processRequest()
#2 C:\AppServ\www\test\admin.php(13): CApplication->run()
#3 {main}
REQUEST_URI=/test/admin
---
2014/03/26 13:48:54 [error] [exception.CHttpException.404] exception 'CHttpException' with message 'Unable to resolve the request "site".' in C:\AppServ\www\test\framework\web\CWebApplication.php:286
Stack trace:
#0 C:\AppServ\www\test\framework\web\CWebApplication.php(141): CWebApplication->runController('')
#1 C:\AppServ\www\test\framework\base\CApplication.php(169): CWebApplication->processRequest()
#2 C:\AppServ\www\test\admin.php(13): CApplication->run()
#3 {main}
REQUEST_URI=/test/admin
---
2014/03/26 13:48:55 [error] [exception.CHttpException.404] exception 'CHttpException' with message 'Unable to resolve the request "site".' in C:\AppServ\www\test\framework\web\CWebApplication.php:286
Stack trace:
#0 C:\AppServ\www\test\framework\web\CWebApplication.php(141): CWebApplication->runController('')
#1 C:\AppServ\www\test\framework\base\CApplication.php(169): CWebApplication->processRequest()
#2 C:\AppServ\www\test\admin.php(13): CApplication->run()
#3 {main}
REQUEST_URI=/test/admin
---
2014/03/26 13:48:56 [error] [exception.CHttpException.404] exception 'CHttpException' with message 'Unable to resolve the request "site".' in C:\AppServ\www\test\framework\web\CWebApplication.php:286
Stack trace:
#0 C:\AppServ\www\test\framework\web\CWebApplication.php(141): CWebApplication->runController('')
#1 C:\AppServ\www\test\framework\base\CApplication.php(169): CWebApplication->processRequest()
#2 C:\AppServ\www\test\admin.php(13): CApplication->run()
#3 {main}
REQUEST_URI=/test/admin
---
2014/03/26 13:54:23 [error] [exception.CException] exception 'CException' with message 'SiteController cannot find the requested view "index".' in C:\AppServ\www\test\framework\web\CController.php:878
Stack trace:
#0 C:\AppServ\www\test\framework\web\CController.php(782): CController->renderPartial('index', NULL, true)
#1 C:\AppServ\www\test\protected\admin\controllers\SiteController.php(32): CController->render('index')
#2 C:\AppServ\www\test\framework\web\actions\CInlineAction.php(49): SiteController->actionIndex()
#3 C:\AppServ\www\test\framework\web\CController.php(308): CInlineAction->runWithParams(Array)
#4 C:\AppServ\www\test\framework\web\CController.php(286): CController->runAction(Object(CInlineAction))
#5 C:\AppServ\www\test\framework\web\CController.php(265): CController->runActionWithFilters(Object(CInlineAction), Array)
#6 C:\AppServ\www\test\framework\web\CWebApplication.php(282): CController->run('')
#7 C:\AppServ\www\test\framework\web\CWebApplication.php(141): CWebApplication->runController('')
#8 C:\AppServ\www\test\framework\base\CApplication.php(169): CWebApplication->processRequest()
#9 C:\AppServ\www\test\admin.php(13): CApplication->run()
#10 {main}
REQUEST_URI=/test/admin
---
2014/03/26 13:54:26 [error] [exception.CException] exception 'CException' with message 'SiteController cannot find the requested view "index".' in C:\AppServ\www\test\framework\web\CController.php:878
Stack trace:
#0 C:\AppServ\www\test\framework\web\CController.php(782): CController->renderPartial('index', NULL, true)
#1 C:\AppServ\www\test\protected\admin\controllers\SiteController.php(32): CController->render('index')
#2 C:\AppServ\www\test\framework\web\actions\CInlineAction.php(49): SiteController->actionIndex()
#3 C:\AppServ\www\test\framework\web\CController.php(308): CInlineAction->runWithParams(Array)
#4 C:\AppServ\www\test\framework\web\CController.php(286): CController->runAction(Object(CInlineAction))
#5 C:\AppServ\www\test\framework\web\CController.php(265): CController->runActionWithFilters(Object(CInlineAction), Array)
#6 C:\AppServ\www\test\framework\web\CWebApplication.php(282): CController->run('')
#7 C:\AppServ\www\test\framework\web\CWebApplication.php(141): CWebApplication->runController('')
#8 C:\AppServ\www\test\framework\base\CApplication.php(169): CWebApplication->processRequest()
#9 C:\AppServ\www\test\admin.php(13): CApplication->run()
#10 {main}
REQUEST_URI=/test/admin
---
2014/03/26 13:54:27 [error] [exception.CException] exception 'CException' with message 'SiteController cannot find the requested view "index".' in C:\AppServ\www\test\framework\web\CController.php:878
Stack trace:
#0 C:\AppServ\www\test\framework\web\CController.php(782): CController->renderPartial('index', NULL, true)
#1 C:\AppServ\www\test\protected\admin\controllers\SiteController.php(32): CController->render('index')
#2 C:\AppServ\www\test\framework\web\actions\CInlineAction.php(49): SiteController->actionIndex()
#3 C:\AppServ\www\test\framework\web\CController.php(308): CInlineAction->runWithParams(Array)
#4 C:\AppServ\www\test\framework\web\CController.php(286): CController->runAction(Object(CInlineAction))
#5 C:\AppServ\www\test\framework\web\CController.php(265): CController->runActionWithFilters(Object(CInlineAction), Array)
#6 C:\AppServ\www\test\framework\web\CWebApplication.php(282): CController->run('')
#7 C:\AppServ\www\test\framework\web\CWebApplication.php(141): CWebApplication->runController('')
#8 C:\AppServ\www\test\framework\base\CApplication.php(169): CWebApplication->processRequest()
#9 C:\AppServ\www\test\admin.php(13): CApplication->run()
#10 {main}
REQUEST_URI=/test/admin
---
2014/03/26 13:54:28 [error] [exception.CException] exception 'CException' with message 'SiteController cannot find the requested view "index".' in C:\AppServ\www\test\framework\web\CController.php:878
Stack trace:
#0 C:\AppServ\www\test\framework\web\CController.php(782): CController->renderPartial('index', NULL, true)
#1 C:\AppServ\www\test\protected\admin\controllers\SiteController.php(32): CController->render('index')
#2 C:\AppServ\www\test\framework\web\actions\CInlineAction.php(49): SiteController->actionIndex()
#3 C:\AppServ\www\test\framework\web\CController.php(308): CInlineAction->runWithParams(Array)
#4 C:\AppServ\www\test\framework\web\CController.php(286): CController->runAction(Object(CInlineAction))
#5 C:\AppServ\www\test\framework\web\CController.php(265): CController->runActionWithFilters(Object(CInlineAction), Array)
#6 C:\AppServ\www\test\framework\web\CWebApplication.php(282): CController->run('')
#7 C:\AppServ\www\test\framework\web\CWebApplication.php(141): CWebApplication->runController('')
#8 C:\AppServ\www\test\framework\base\CApplication.php(169): CWebApplication->processRequest()
#9 C:\AppServ\www\test\admin.php(13): CApplication->run()
#10 {main}
REQUEST_URI=/test/admin
---
2014/03/26 13:54:29 [error] [exception.CException] exception 'CException' with message 'SiteController cannot find the requested view "index".' in C:\AppServ\www\test\framework\web\CController.php:878
Stack trace:
#0 C:\AppServ\www\test\framework\web\CController.php(782): CController->renderPartial('index', NULL, true)
#1 C:\AppServ\www\test\protected\admin\controllers\SiteController.php(32): CController->render('index')
#2 C:\AppServ\www\test\framework\web\actions\CInlineAction.php(49): SiteController->actionIndex()
#3 C:\AppServ\www\test\framework\web\CController.php(308): CInlineAction->runWithParams(Array)
#4 C:\AppServ\www\test\framework\web\CController.php(286): CController->runAction(Object(CInlineAction))
#5 C:\AppServ\www\test\framework\web\CController.php(265): CController->runActionWithFilters(Object(CInlineAction), Array)
#6 C:\AppServ\www\test\framework\web\CWebApplication.php(282): CController->run('')
#7 C:\AppServ\www\test\framework\web\CWebApplication.php(141): CWebApplication->runController('')
#8 C:\AppServ\www\test\framework\base\CApplication.php(169): CWebApplication->processRequest()
#9 C:\AppServ\www\test\admin.php(13): CApplication->run()
#10 {main}
REQUEST_URI=/test/admin
---
2014/03/26 13:54:49 [error] [exception.CHttpException.404] exception 'CHttpException' with message 'Unable to resolve the request "index/page".' in C:\AppServ\www\test\framework\web\CWebApplication.php:286
Stack trace:
#0 C:\AppServ\www\test\framework\web\CWebApplication.php(141): CWebApplication->runController('index/page')
#1 C:\AppServ\www\test\framework\base\CApplication.php(169): CWebApplication->processRequest()
#2 C:\AppServ\www\test\admin.php(13): CApplication->run()
#3 {main}
REQUEST_URI=/test/admin.php?r=index/page&view=about
HTTP_REFERER=http://localhost/test/admin
---
2014/03/26 14:00:23 [error] [exception.CHttpException.404] exception 'CHttpException' with message 'Unable to resolve the request "index".' in C:\AppServ\www\test\framework\web\CWebApplication.php:286
Stack trace:
#0 C:\AppServ\www\test\framework\web\CWebApplication.php(141): CWebApplication->runController('')
#1 C:\AppServ\www\test\framework\base\CApplication.php(169): CWebApplication->processRequest()
#2 C:\AppServ\www\test\admin.php(13): CApplication->run()
#3 {main}
REQUEST_URI=/test/admin
---
2014/03/27 02:12:00 [error] [php] YiiBase::include(WebUser.php) [<a href='yiibase.include'>yiibase.include</a>]: failed to open stream: No such file or directory (C:\AppServ\www\rq\framework\YiiBase.php:421)
Stack trace:
#0 C:\AppServ\www\rq\framework\YiiBase.php(196): import()
#1 C:\AppServ\www\rq\framework\base\CModule.php(386): createComponent()
#2 C:\AppServ\www\rq\framework\base\CModule.php(103): CWebApplication->getComponent()
#3 C:\AppServ\www\rq\protected\admin\views\layouts\main.php(35): CWebApplication->__get()
#4 C:\AppServ\www\rq\framework\web\CBaseController.php(126): require()
#5 C:\AppServ\www\rq\framework\web\CBaseController.php(95): IndexController->renderInternal()
#6 C:\AppServ\www\rq\framework\web\widgets\CContentDecorator.php(76): IndexController->renderFile()
#7 C:\AppServ\www\rq\framework\web\widgets\CContentDecorator.php(54): CContentDecorator->decorate()
#8 C:\AppServ\www\rq\framework\web\widgets\COutputProcessor.php(44): CContentDecorator->processOutput()
#9 C:\AppServ\www\rq\framework\web\CBaseController.php(206): CContentDecorator->run()
#10 C:\AppServ\www\rq\framework\web\CBaseController.php(300): IndexController->endWidget()
#11 C:\AppServ\www\rq\protected\admin\views\layouts\column1.php(6): IndexController->endContent()
#12 C:\AppServ\www\rq\framework\web\CBaseController.php(126): require()
#13 C:\AppServ\www\rq\framework\web\CBaseController.php(95): IndexController->renderInternal()
#14 C:\AppServ\www\rq\framework\web\CController.php(784): IndexController->renderFile()
#15 C:\AppServ\www\rq\protected\admin\controllers\IndexController.php(32): IndexController->render()
#16 C:\AppServ\www\rq\framework\web\actions\CInlineAction.php(49): IndexController->actionIndex()
#17 C:\AppServ\www\rq\framework\web\CController.php(308): CInlineAction->runWithParams()
#18 C:\AppServ\www\rq\framework\web\CController.php(286): IndexController->runAction()
#19 C:\AppServ\www\rq\framework\web\CController.php(265): IndexController->runActionWithFilters()
#20 C:\AppServ\www\rq\framework\web\CWebApplication.php(282): IndexController->run()
#21 C:\AppServ\www\rq\framework\web\CWebApplication.php(141): CWebApplication->runController()
#22 C:\AppServ\www\rq\framework\base\CApplication.php(169): CWebApplication->processRequest()
#23 C:\AppServ\www\rq\admin.php(13): CWebApplication->run()
REQUEST_URI=/rq/admin.php?r=index/index
in C:\AppServ\www\rq\protected\admin\views\layouts\main.php (35)
in C:\AppServ\www\rq\protected\admin\views\layouts\column1.php (6)
in C:\AppServ\www\rq\protected\admin\controllers\IndexController.php (32)
2014/03/27 02:12:21 [error] [php] YiiBase::include(WebUser.php) [<a href='yiibase.include'>yiibase.include</a>]: failed to open stream: No such file or directory (C:\AppServ\www\rq\framework\YiiBase.php:421)
Stack trace:
#0 C:\AppServ\www\rq\framework\YiiBase.php(196): import()
#1 C:\AppServ\www\rq\framework\base\CModule.php(386): createComponent()
#2 C:\AppServ\www\rq\framework\base\CModule.php(103): CWebApplication->getComponent()
#3 C:\AppServ\www\rq\protected\admin\views\layouts\main.php(35): CWebApplication->__get()
#4 C:\AppServ\www\rq\framework\web\CBaseController.php(126): require()
#5 C:\AppServ\www\rq\framework\web\CBaseController.php(95): IndexController->renderInternal()
#6 C:\AppServ\www\rq\framework\web\widgets\CContentDecorator.php(76): IndexController->renderFile()
#7 C:\AppServ\www\rq\framework\web\widgets\CContentDecorator.php(54): CContentDecorator->decorate()
#8 C:\AppServ\www\rq\framework\web\widgets\COutputProcessor.php(44): CContentDecorator->processOutput()
#9 C:\AppServ\www\rq\framework\web\CBaseController.php(206): CContentDecorator->run()
#10 C:\AppServ\www\rq\framework\web\CBaseController.php(300): IndexController->endWidget()
#11 C:\AppServ\www\rq\protected\admin\views\layouts\column1.php(6): IndexController->endContent()
#12 C:\AppServ\www\rq\framework\web\CBaseController.php(126): require()
#13 C:\AppServ\www\rq\framework\web\CBaseController.php(95): IndexController->renderInternal()
#14 C:\AppServ\www\rq\framework\web\CController.php(784): IndexController->renderFile()
#15 C:\AppServ\www\rq\framework\web\actions\CViewAction.php(140): IndexController->render()
#16 C:\AppServ\www\rq\framework\web\actions\CAction.php(76): CViewAction->run()
#17 C:\AppServ\www\rq\framework\web\CController.php(308): CViewAction->runWithParams()
#18 C:\AppServ\www\rq\framework\web\CController.php(286): IndexController->runAction()
#19 C:\AppServ\www\rq\framework\web\CController.php(265): IndexController->runActionWithFilters()
#20 C:\AppServ\www\rq\framework\web\CWebApplication.php(282): IndexController->run()
#21 C:\AppServ\www\rq\framework\web\CWebApplication.php(141): CWebApplication->runController()
#22 C:\AppServ\www\rq\framework\base\CApplication.php(169): CWebApplication->processRequest()
#23 C:\AppServ\www\rq\admin.php(13): CWebApplication->run()
REQUEST_URI=/rq/admin.php?r=index/page&view=about
in C:\AppServ\www\rq\protected\admin\views\layouts\main.php (35)
in C:\AppServ\www\rq\protected\admin\views\layouts\column1.php (6)
in C:\AppServ\www\rq\admin.php (13)
2014/03/27 03:17:25 [error] [php] YiiBase::include(WebUser.php) [<a href='yiibase.include'>yiibase.include</a>]: failed to open stream: No such file or directory (C:\AppServ\www\rq\framework\YiiBase.php:421)
Stack trace:
#0 C:\AppServ\www\rq\framework\YiiBase.php(196): import()
#1 C:\AppServ\www\rq\framework\base\CModule.php(386): createComponent()
#2 C:\AppServ\www\rq\framework\base\CModule.php(103): CWebApplication->getComponent()
#3 C:\AppServ\www\rq\protected\admin\views\layouts\main.php(35): CWebApplication->__get()
#4 C:\AppServ\www\rq\framework\web\CBaseController.php(126): require()
#5 C:\AppServ\www\rq\framework\web\CBaseController.php(95): IndexController->renderInternal()
#6 C:\AppServ\www\rq\framework\web\widgets\CContentDecorator.php(76): IndexController->renderFile()
#7 C:\AppServ\www\rq\framework\web\widgets\CContentDecorator.php(54): CContentDecorator->decorate()
#8 C:\AppServ\www\rq\framework\web\widgets\COutputProcessor.php(44): CContentDecorator->processOutput()
#9 C:\AppServ\www\rq\framework\web\CBaseController.php(206): CContentDecorator->run()
#10 C:\AppServ\www\rq\framework\web\CBaseController.php(300): IndexController->endWidget()
#11 C:\AppServ\www\rq\protected\admin\views\layouts\column2.php(22): IndexController->endContent()
#12 C:\AppServ\www\rq\framework\web\CBaseController.php(126): require()
#13 C:\AppServ\www\rq\framework\web\CBaseController.php(95): IndexController->renderInternal()
#14 C:\AppServ\www\rq\framework\web\widgets\CContentDecorator.php(76): IndexController->renderFile()
#15 C:\AppServ\www\rq\framework\web\widgets\CContentDecorator.php(54): CContentDecorator->decorate()
#16 C:\AppServ\www\rq\framework\web\widgets\COutputProcessor.php(44): CContentDecorator->processOutput()
#17 C:\AppServ\www\rq\framework\web\CBaseController.php(206): CContentDecorator->run()
#18 C:\AppServ\www\rq\framework\web\CBaseController.php(300): IndexController->endWidget()
#19 C:\AppServ\www\rq\protected\admin\views\layouts\column1.php(3): IndexController->endContent()
#20 C:\AppServ\www\rq\framework\web\CBaseController.php(126): require()
#21 C:\AppServ\www\rq\framework\web\CBaseController.php(95): IndexController->renderInternal()
#22 C:\AppServ\www\rq\framework\web\CController.php(784): IndexController->renderFile()
#23 C:\AppServ\www\rq\protected\admin\controllers\IndexController.php(32): IndexController->render()
#24 C:\AppServ\www\rq\framework\web\actions\CInlineAction.php(49): IndexController->actionIndex()
#25 C:\AppServ\www\rq\framework\web\CController.php(308): CInlineAction->runWithParams()
#26 C:\AppServ\www\rq\framework\web\CController.php(286): IndexController->runAction()
#27 C:\AppServ\www\rq\framework\web\CController.php(265): IndexController->runActionWithFilters()
#28 C:\AppServ\www\rq\framework\web\CWebApplication.php(282): IndexController->run()
#29 C:\AppServ\www\rq\framework\web\CWebApplication.php(141): CWebApplication->runController()
#30 C:\AppServ\www\rq\framework\base\CApplication.php(169): CWebApplication->processRequest()
#31 C:\AppServ\www\rq\admin.php(13): CWebApplication->run()
REQUEST_URI=/rq/admin
in C:\AppServ\www\rq\protected\admin\views\layouts\main.php (35)
in C:\AppServ\www\rq\protected\admin\views\layouts\column2.php (22)
in C:\AppServ\www\rq\protected\admin\views\layouts\column1.php (3)
2014/03/27 03:24:55 [error] [php] YiiBase::include(Controller.php) [<a href='yiibase.include'>yiibase.include</a>]: failed to open stream: No such file or directory (C:\AppServ\www\rq\framework\YiiBase.php:421)
Stack trace:
#0 C:\AppServ\www\rq\protected\admin\controllers\IndexController.php(3): spl_autoload_call()
#1 C:\AppServ\www\rq\framework\web\CWebApplication.php(354): require()
#2 C:\AppServ\www\rq\framework\web\CWebApplication.php(276): CWebApplication->createController()
#3 C:\AppServ\www\rq\framework\web\CWebApplication.php(141): CWebApplication->runController()
#4 C:\AppServ\www\rq\framework\base\CApplication.php(169): CWebApplication->processRequest()
#5 C:\AppServ\www\rq\admin.php(13): CWebApplication->run()
REQUEST_URI=/rq/admin
in C:\AppServ\www\rq\protected\admin\controllers\IndexController.php (3)
in C:\AppServ\www\rq\admin.php (13)
2014/03/27 03:27:09 [error] [php] YiiBase::include(Controller.php) [<a href='yiibase.include'>yiibase.include</a>]: failed to open stream: No such file or directory (C:\AppServ\www\rq\framework\YiiBase.php:421)
Stack trace:
#0 C:\AppServ\www\rq\protected\admin\controllers\IndexController.php(3): spl_autoload_call()
#1 C:\AppServ\www\rq\framework\web\CWebApplication.php(354): require()
#2 C:\AppServ\www\rq\framework\web\CWebApplication.php(276): CWebApplication->createController()
#3 C:\AppServ\www\rq\framework\web\CWebApplication.php(141): CWebApplication->runController()
#4 C:\AppServ\www\rq\framework\base\CApplication.php(169): CWebApplication->processRequest()
#5 C:\AppServ\www\rq\admin.php(13): CWebApplication->run()
REQUEST_URI=/rq/admin
in C:\AppServ\www\rq\protected\admin\controllers\IndexController.php (3)
in C:\AppServ\www\rq\admin.php (13)
2014/03/27 03:27:44 [error] [php] YiiBase::include(Controller.php) [<a href='yiibase.include'>yiibase.include</a>]: failed to open stream: No such file or directory (C:\AppServ\www\rq\framework\YiiBase.php:421)
Stack trace:
#0 C:\AppServ\www\rq\protected\admin\controllers\IndexController.php(3): spl_autoload_call()
#1 C:\AppServ\www\rq\framework\web\CWebApplication.php(354): require()
#2 C:\AppServ\www\rq\framework\web\CWebApplication.php(276): CWebApplication->createController()
#3 C:\AppServ\www\rq\framework\web\CWebApplication.php(141): CWebApplication->runController()
#4 C:\AppServ\www\rq\framework\base\CApplication.php(169): CWebApplication->processRequest()
#5 C:\AppServ\www\rq\admin.php(13): CWebApplication->run()
REQUEST_URI=/rq/admin
in C:\AppServ\www\rq\protected\admin\controllers\IndexController.php (3)
in C:\AppServ\www\rq\admin.php (13)
2014/03/27 03:27:45 [error] [php] YiiBase::include(Controller.php) [<a href='yiibase.include'>yiibase.include</a>]: failed to open stream: No such file or directory (C:\AppServ\www\rq\framework\YiiBase.php:421)
Stack trace:
#0 C:\AppServ\www\rq\protected\admin\controllers\IndexController.php(3): spl_autoload_call()
#1 C:\AppServ\www\rq\framework\web\CWebApplication.php(354): require()
#2 C:\AppServ\www\rq\framework\web\CWebApplication.php(276): CWebApplication->createController()
#3 C:\AppServ\www\rq\framework\web\CWebApplication.php(141): CWebApplication->runController()
#4 C:\AppServ\www\rq\framework\base\CApplication.php(169): CWebApplication->processRequest()
#5 C:\AppServ\www\rq\admin.php(13): CWebApplication->run()
REQUEST_URI=/rq/admin
in C:\AppServ\www\rq\protected\admin\controllers\IndexController.php (3)
in C:\AppServ\www\rq\admin.php (13)
2014/03/27 03:27:45 [error] [php] YiiBase::include(Controller.php) [<a href='yiibase.include'>yiibase.include</a>]: failed to open stream: No such file or directory (C:\AppServ\www\rq\framework\YiiBase.php:421)
Stack trace:
#0 C:\AppServ\www\rq\protected\admin\controllers\IndexController.php(3): spl_autoload_call()
#1 C:\AppServ\www\rq\framework\web\CWebApplication.php(354): require()
#2 C:\AppServ\www\rq\framework\web\CWebApplication.php(276): CWebApplication->createController()
#3 C:\AppServ\www\rq\framework\web\CWebApplication.php(141): CWebApplication->runController()
#4 C:\AppServ\www\rq\framework\base\CApplication.php(169): CWebApplication->processRequest()
#5 C:\AppServ\www\rq\admin.php(13): CWebApplication->run()
REQUEST_URI=/rq/admin
in C:\AppServ\www\rq\protected\admin\controllers\IndexController.php (3)
in C:\AppServ\www\rq\admin.php (13)
2014/03/27 03:27:46 [error] [php] YiiBase::include(Controller.php) [<a href='yiibase.include'>yiibase.include</a>]: failed to open stream: No such file or directory (C:\AppServ\www\rq\framework\YiiBase.php:421)
Stack trace:
#0 C:\AppServ\www\rq\protected\admin\controllers\IndexController.php(3): spl_autoload_call()
#1 C:\AppServ\www\rq\framework\web\CWebApplication.php(354): require()
#2 C:\AppServ\www\rq\framework\web\CWebApplication.php(276): CWebApplication->createController()
#3 C:\AppServ\www\rq\framework\web\CWebApplication.php(141): CWebApplication->runController()
#4 C:\AppServ\www\rq\framework\base\CApplication.php(169): CWebApplication->processRequest()
#5 C:\AppServ\www\rq\admin.php(13): CWebApplication->run()
REQUEST_URI=/rq/admin
in C:\AppServ\www\rq\protected\admin\controllers\IndexController.php (3)
in C:\AppServ\www\rq\admin.php (13)
2014/03/27 03:27:46 [error] [php] YiiBase::include(Controller.php) [<a href='yiibase.include'>yiibase.include</a>]: failed to open stream: No such file or directory (C:\AppServ\www\rq\framework\YiiBase.php:421)
Stack trace:
#0 C:\AppServ\www\rq\protected\admin\controllers\IndexController.php(3): spl_autoload_call()
#1 C:\AppServ\www\rq\framework\web\CWebApplication.php(354): require()
#2 C:\AppServ\www\rq\framework\web\CWebApplication.php(276): CWebApplication->createController()
#3 C:\AppServ\www\rq\framework\web\CWebApplication.php(141): CWebApplication->runController()
#4 C:\AppServ\www\rq\framework\base\CApplication.php(169): CWebApplication->processRequest()
#5 C:\AppServ\www\rq\admin.php(13): CWebApplication->run()
REQUEST_URI=/rq/admin
in C:\AppServ\www\rq\protected\admin\controllers\IndexController.php (3)
in C:\AppServ\www\rq\admin.php (13)
2014/03/27 03:27:46 [error] [php] YiiBase::include(Controller.php) [<a href='yiibase.include'>yiibase.include</a>]: failed to open stream: No such file or directory (C:\AppServ\www\rq\framework\YiiBase.php:421)
Stack trace:
#0 C:\AppServ\www\rq\protected\admin\controllers\IndexController.php(3): spl_autoload_call()
#1 C:\AppServ\www\rq\framework\web\CWebApplication.php(354): require()
#2 C:\AppServ\www\rq\framework\web\CWebApplication.php(276): CWebApplication->createController()
#3 C:\AppServ\www\rq\framework\web\CWebApplication.php(141): CWebApplication->runController()
#4 C:\AppServ\www\rq\framework\base\CApplication.php(169): CWebApplication->processRequest()
#5 C:\AppServ\www\rq\admin.php(13): CWebApplication->run()
REQUEST_URI=/rq/admin
in C:\AppServ\www\rq\protected\admin\controllers\IndexController.php (3)
in C:\AppServ\www\rq\admin.php (13)
2014/03/27 03:27:46 [error] [php] YiiBase::include(Controller.php) [<a href='yiibase.include'>yiibase.include</a>]: failed to open stream: No such file or directory (C:\AppServ\www\rq\framework\YiiBase.php:421)
Stack trace:
#0 C:\AppServ\www\rq\protected\admin\controllers\IndexController.php(3): spl_autoload_call()
#1 C:\AppServ\www\rq\framework\web\CWebApplication.php(354): require()
#2 C:\AppServ\www\rq\framework\web\CWebApplication.php(276): CWebApplication->createController()
#3 C:\AppServ\www\rq\framework\web\CWebApplication.php(141): CWebApplication->runController()
#4 C:\AppServ\www\rq\framework\base\CApplication.php(169): CWebApplication->processRequest()
#5 C:\AppServ\www\rq\admin.php(13): CWebApplication->run()
REQUEST_URI=/rq/admin
in C:\AppServ\www\rq\protected\admin\controllers\IndexController.php (3)
in C:\AppServ\www\rq\admin.php (13)
2014/03/27 03:27:46 [error] [php] YiiBase::include(Controller.php) [<a href='yiibase.include'>yiibase.include</a>]: failed to open stream: No such file or directory (C:\AppServ\www\rq\framework\YiiBase.php:421)
Stack trace:
#0 C:\AppServ\www\rq\protected\admin\controllers\IndexController.php(3): spl_autoload_call()
#1 C:\AppServ\www\rq\framework\web\CWebApplication.php(354): require()
#2 C:\AppServ\www\rq\framework\web\CWebApplication.php(276): CWebApplication->createController()
#3 C:\AppServ\www\rq\framework\web\CWebApplication.php(141): CWebApplication->runController()
#4 C:\AppServ\www\rq\framework\base\CApplication.php(169): CWebApplication->processRequest()
#5 C:\AppServ\www\rq\admin.php(13): CWebApplication->run()
REQUEST_URI=/rq/admin
in C:\AppServ\www\rq\protected\admin\controllers\IndexController.php (3)
in C:\AppServ\www\rq\admin.php (13)
2014/03/27 03:27:47 [error] [php] YiiBase::include(Controller.php) [<a href='yiibase.include'>yiibase.include</a>]: failed to open stream: No such file or directory (C:\AppServ\www\rq\framework\YiiBase.php:421)
Stack trace:
#0 C:\AppServ\www\rq\protected\admin\controllers\IndexController.php(3): spl_autoload_call()
#1 C:\AppServ\www\rq\framework\web\CWebApplication.php(354): require()
#2 C:\AppServ\www\rq\framework\web\CWebApplication.php(276): CWebApplication->createController()
#3 C:\AppServ\www\rq\framework\web\CWebApplication.php(141): CWebApplication->runController()
#4 C:\AppServ\www\rq\framework\base\CApplication.php(169): CWebApplication->processRequest()
#5 C:\AppServ\www\rq\admin.php(13): CWebApplication->run()
REQUEST_URI=/rq/admin
in C:\AppServ\www\rq\protected\admin\controllers\IndexController.php (3)
in C:\AppServ\www\rq\admin.php (13)
2014/03/27 03:27:47 [error] [php] YiiBase::include(Controller.php) [<a href='yiibase.include'>yiibase.include</a>]: failed to open stream: No such file or directory (C:\AppServ\www\rq\framework\YiiBase.php:421)
Stack trace:
#0 C:\AppServ\www\rq\protected\admin\controllers\IndexController.php(3): spl_autoload_call()
#1 C:\AppServ\www\rq\framework\web\CWebApplication.php(354): require()
#2 C:\AppServ\www\rq\framework\web\CWebApplication.php(276): CWebApplication->createController()
#3 C:\AppServ\www\rq\framework\web\CWebApplication.php(141): CWebApplication->runController()
#4 C:\AppServ\www\rq\framework\base\CApplication.php(169): CWebApplication->processRequest()
#5 C:\AppServ\www\rq\admin.php(13): CWebApplication->run()
REQUEST_URI=/rq/admin
in C:\AppServ\www\rq\protected\admin\controllers\IndexController.php (3)
in C:\AppServ\www\rq\admin.php (13)
2014/03/27 03:29:45 [error] [php] YiiBase::include(Controller.php) [<a href='yiibase.include'>yiibase.include</a>]: failed to open stream: No such file or directory (C:\AppServ\www\rq\framework\YiiBase.php:421)
Stack trace:
#0 C:\AppServ\www\rq\protected\admin\controllers\IndexController.php(3): spl_autoload_call()
#1 C:\AppServ\www\rq\framework\web\CWebApplication.php(354): require()
#2 C:\AppServ\www\rq\framework\web\CWebApplication.php(276): CWebApplication->createController()
#3 C:\AppServ\www\rq\framework\web\CWebApplication.php(141): CWebApplication->runController()
#4 C:\AppServ\www\rq\framework\base\CApplication.php(169): CWebApplication->processRequest()
#5 C:\AppServ\www\rq\admin.php(13): CWebApplication->run()
REQUEST_URI=/rq/admin
in C:\AppServ\www\rq\protected\admin\controllers\IndexController.php (3)
in C:\AppServ\www\rq\admin.php (13)
2014/03/27 03:29:46 [error] [php] YiiBase::include(Controller.php) [<a href='yiibase.include'>yiibase.include</a>]: failed to open stream: No such file or directory (C:\AppServ\www\rq\framework\YiiBase.php:421)
Stack trace:
#0 C:\AppServ\www\rq\protected\admin\controllers\IndexController.php(3): spl_autoload_call()
#1 C:\AppServ\www\rq\framework\web\CWebApplication.php(354): require()
#2 C:\AppServ\www\rq\framework\web\CWebApplication.php(276): CWebApplication->createController()
#3 C:\AppServ\www\rq\framework\web\CWebApplication.php(141): CWebApplication->runController()
#4 C:\AppServ\www\rq\framework\base\CApplication.php(169): CWebApplication->processRequest()
#5 C:\AppServ\www\rq\admin.php(13): CWebApplication->run()
REQUEST_URI=/rq/admin
in C:\AppServ\www\rq\protected\admin\controllers\IndexController.php (3)
in C:\AppServ\www\rq\admin.php (13)
2014/03/27 03:29:46 [error] [php] YiiBase::include(Controller.php) [<a href='yiibase.include'>yiibase.include</a>]: failed to open stream: No such file or directory (C:\AppServ\www\rq\framework\YiiBase.php:421)
Stack trace:
#0 C:\AppServ\www\rq\protected\admin\controllers\IndexController.php(3): spl_autoload_call()
#1 C:\AppServ\www\rq\framework\web\CWebApplication.php(354): require()
#2 C:\AppServ\www\rq\framework\web\CWebApplication.php(276): CWebApplication->createController()
#3 C:\AppServ\www\rq\framework\web\CWebApplication.php(141): CWebApplication->runController()
#4 C:\AppServ\www\rq\framework\base\CApplication.php(169): CWebApplication->processRequest()
#5 C:\AppServ\www\rq\admin.php(13): CWebApplication->run()
REQUEST_URI=/rq/admin
in C:\AppServ\www\rq\protected\admin\controllers\IndexController.php (3)
in C:\AppServ\www\rq\admin.php (13)
2014/03/27 03:29:46 [error] [php] YiiBase::include(Controller.php) [<a href='yiibase.include'>yiibase.include</a>]: failed to open stream: No such file or directory (C:\AppServ\www\rq\framework\YiiBase.php:421)
Stack trace:
#0 C:\AppServ\www\rq\protected\admin\controllers\IndexController.php(3): spl_autoload_call()
#1 C:\AppServ\www\rq\framework\web\CWebApplication.php(354): require()
#2 C:\AppServ\www\rq\framework\web\CWebApplication.php(276): CWebApplication->createController()
#3 C:\AppServ\www\rq\framework\web\CWebApplication.php(141): CWebApplication->runController()
#4 C:\AppServ\www\rq\framework\base\CApplication.php(169): CWebApplication->processRequest()
#5 C:\AppServ\www\rq\admin.php(13): CWebApplication->run()
REQUEST_URI=/rq/admin
in C:\AppServ\www\rq\protected\admin\controllers\IndexController.php (3)
in C:\AppServ\www\rq\admin.php (13)
2014/03/27 03:29:47 [error] [php] YiiBase::include(Controller.php) [<a href='yiibase.include'>yiibase.include</a>]: failed to open stream: No such file or directory (C:\AppServ\www\rq\framework\YiiBase.php:421)
Stack trace:
#0 C:\AppServ\www\rq\protected\admin\controllers\IndexController.php(3): spl_autoload_call()
#1 C:\AppServ\www\rq\framework\web\CWebApplication.php(354): require()
#2 C:\AppServ\www\rq\framework\web\CWebApplication.php(276): CWebApplication->createController()
#3 C:\AppServ\www\rq\framework\web\CWebApplication.php(141): CWebApplication->runController()
#4 C:\AppServ\www\rq\framework\base\CApplication.php(169): CWebApplication->processRequest()
#5 C:\AppServ\www\rq\admin.php(13): CWebApplication->run()
REQUEST_URI=/rq/admin
in C:\AppServ\www\rq\protected\admin\controllers\IndexController.php (3)
in C:\AppServ\www\rq\admin.php (13)
2014/03/27 03:29:47 [error] [php] YiiBase::include(Controller.php) [<a href='yiibase.include'>yiibase.include</a>]: failed to open stream: No such file or directory (C:\AppServ\www\rq\framework\YiiBase.php:421)
Stack trace:
#0 C:\AppServ\www\rq\protected\admin\controllers\IndexController.php(3): spl_autoload_call()
#1 C:\AppServ\www\rq\framework\web\CWebApplication.php(354): require()
#2 C:\AppServ\www\rq\framework\web\CWebApplication.php(276): CWebApplication->createController()
#3 C:\AppServ\www\rq\framework\web\CWebApplication.php(141): CWebApplication->runController()
#4 C:\AppServ\www\rq\framework\base\CApplication.php(169): CWebApplication->processRequest()
#5 C:\AppServ\www\rq\admin.php(13): CWebApplication->run()
REQUEST_URI=/rq/admin
in C:\AppServ\www\rq\protected\admin\controllers\IndexController.php (3)
in C:\AppServ\www\rq\admin.php (13)
2014/03/27 03:29:59 [error] [php] YiiBase::include(Controller.php) [<a href='yiibase.include'>yiibase.include</a>]: failed to open stream: No such file or directory (C:\AppServ\www\rq\framework\YiiBase.php:421)
Stack trace:
#0 C:\AppServ\www\rq\protected\admin\controllers\IndexController.php(3): spl_autoload_call()
#1 C:\AppServ\www\rq\framework\web\CWebApplication.php(354): require()
#2 C:\AppServ\www\rq\framework\web\CWebApplication.php(276): CWebApplication->createController()
#3 C:\AppServ\www\rq\framework\web\CWebApplication.php(141): CWebApplication->runController()
#4 C:\AppServ\www\rq\framework\base\CApplication.php(169): CWebApplication->processRequest()
#5 C:\AppServ\www\rq\admin.php(13): CWebApplication->run()
REQUEST_URI=/rq/admin
in C:\AppServ\www\rq\protected\admin\controllers\IndexController.php (3)
in C:\AppServ\www\rq\admin.php (13)
2014/03/27 03:29:59 [error] [php] YiiBase::include(Controller.php) [<a href='yiibase.include'>yiibase.include</a>]: failed to open stream: No such file or directory (C:\AppServ\www\rq\framework\YiiBase.php:421)
Stack trace:
#0 C:\AppServ\www\rq\protected\admin\controllers\IndexController.php(3): spl_autoload_call()
#1 C:\AppServ\www\rq\framework\web\CWebApplication.php(354): require()
#2 C:\AppServ\www\rq\framework\web\CWebApplication.php(276): CWebApplication->createController()
#3 C:\AppServ\www\rq\framework\web\CWebApplication.php(141): CWebApplication->runController()
#4 C:\AppServ\www\rq\framework\base\CApplication.php(169): CWebApplication->processRequest()
#5 C:\AppServ\www\rq\admin.php(13): CWebApplication->run()
REQUEST_URI=/rq/admin
in C:\AppServ\www\rq\protected\admin\controllers\IndexController.php (3)
in C:\AppServ\www\rq\admin.php (13)
2014/03/27 03:29:59 [error] [php] YiiBase::include(Controller.php) [<a href='yiibase.include'>yiibase.include</a>]: failed to open stream: No such file or directory (C:\AppServ\www\rq\framework\YiiBase.php:421)
Stack trace:
#0 C:\AppServ\www\rq\protected\admin\controllers\IndexController.php(3): spl_autoload_call()
#1 C:\AppServ\www\rq\framework\web\CWebApplication.php(354): require()
#2 C:\AppServ\www\rq\framework\web\CWebApplication.php(276): CWebApplication->createController()
#3 C:\AppServ\www\rq\framework\web\CWebApplication.php(141): CWebApplication->runController()
#4 C:\AppServ\www\rq\framework\base\CApplication.php(169): CWebApplication->processRequest()
#5 C:\AppServ\www\rq\admin.php(13): CWebApplication->run()
REQUEST_URI=/rq/admin
in C:\AppServ\www\rq\protected\admin\controllers\IndexController.php (3)
in C:\AppServ\www\rq\admin.php (13)
2014/03/27 03:30:00 [error] [php] YiiBase::include(Controller.php) [<a href='yiibase.include'>yiibase.include</a>]: failed to open stream: No such file or directory (C:\AppServ\www\rq\framework\YiiBase.php:421)
Stack trace:
#0 C:\AppServ\www\rq\protected\admin\controllers\IndexController.php(3): spl_autoload_call()
#1 C:\AppServ\www\rq\framework\web\CWebApplication.php(354): require()
#2 C:\AppServ\www\rq\framework\web\CWebApplication.php(276): CWebApplication->createController()
#3 C:\AppServ\www\rq\framework\web\CWebApplication.php(141): CWebApplication->runController()
#4 C:\AppServ\www\rq\framework\base\CApplication.php(169): CWebApplication->processRequest()
#5 C:\AppServ\www\rq\admin.php(13): CWebApplication->run()
REQUEST_URI=/rq/admin
in C:\AppServ\www\rq\protected\admin\controllers\IndexController.php (3)
in C:\AppServ\www\rq\admin.php (13)
2014/03/27 03:30:00 [error] [php] YiiBase::include(Controller.php) [<a href='yiibase.include'>yiibase.include</a>]: failed to open stream: No such file or directory (C:\AppServ\www\rq\framework\YiiBase.php:421)
Stack trace:
#0 C:\AppServ\www\rq\protected\admin\controllers\IndexController.php(3): spl_autoload_call()
#1 C:\AppServ\www\rq\framework\web\CWebApplication.php(354): require()
#2 C:\AppServ\www\rq\framework\web\CWebApplication.php(276): CWebApplication->createController()
#3 C:\AppServ\www\rq\framework\web\CWebApplication.php(141): CWebApplication->runController()
#4 C:\AppServ\www\rq\framework\base\CApplication.php(169): CWebApplication->processRequest()
#5 C:\AppServ\www\rq\admin.php(13): CWebApplication->run()
REQUEST_URI=/rq/admin
in C:\AppServ\www\rq\protected\admin\controllers\IndexController.php (3)
in C:\AppServ\www\rq\admin.php (13)
2014/03/27 03:30:18 [error] [php] YiiBase::include(Controller.php) [<a href='yiibase.include'>yiibase.include</a>]: failed to open stream: No such file or directory (C:\AppServ\www\rq\framework\YiiBase.php:421)
Stack trace:
#0 C:\AppServ\www\rq\protected\admin\controllers\IndexController.php(3): spl_autoload_call()
#1 C:\AppServ\www\rq\framework\web\CWebApplication.php(354): require()
#2 C:\AppServ\www\rq\framework\web\CWebApplication.php(276): CWebApplication->createController()
#3 C:\AppServ\www\rq\framework\web\CWebApplication.php(141): CWebApplication->runController()
#4 C:\AppServ\www\rq\framework\base\CApplication.php(169): CWebApplication->processRequest()
#5 C:\AppServ\www\rq\admin.php(13): CWebApplication->run()
REQUEST_URI=/rq/admin
in C:\AppServ\www\rq\protected\admin\controllers\IndexController.php (3)
in C:\AppServ\www\rq\admin.php (13)
2014/03/27 10:02:57 [error] [exception.CDbException] exception 'CDbException' with message 'CDbConnection failed to open the DB connection: could not find driver' in C:\AppServ\www\rq\framework\db\CDbConnection.php:381
Stack trace:
#0 C:\AppServ\www\rq\framework\db\CDbConnection.php(330): CDbConnection->open()
#1 C:\AppServ\www\rq\framework\db\CDbConnection.php(308): CDbConnection->setActive(true)
#2 C:\AppServ\www\rq\framework\base\CModule.php(387): CDbConnection->init()
#3 C:\AppServ\www\rq\framework\base\CModule.php(103): CModule->getComponent('db')
#4 C:\AppServ\www\rq\framework\gii\generators\crud\CrudCode.php(44): CModule->__get('db')
#5 C:\AppServ\www\rq\framework\web\CFormModel.php(39): CrudCode->init()
#6 C:\AppServ\www\rq\framework\gii\CCodeGenerator.php(153): CFormModel->__construct()
#7 C:\AppServ\www\rq\framework\gii\CCodeGenerator.php(63): CCodeGenerator->prepare()
#8 C:\AppServ\www\rq\framework\web\actions\CInlineAction.php(49): CCodeGenerator->actionIndex()
#9 C:\AppServ\www\rq\framework\web\CController.php(308): CInlineAction->runWithParams(Array)
#10 C:\AppServ\www\rq\framework\web\CController.php(286): CController->runAction(Object(CInlineAction))
#11 C:\AppServ\www\rq\framework\web\CController.php(265): CController->runActionWithFilters(Object(CInlineAction), Array)
#12 C:\AppServ\www\rq\framework\web\CWebApplication.php(282): CController->run('')
#13 C:\AppServ\www\rq\framework\web\CWebApplication.php(141): CWebApplication->runController('gii/crud')
#14 C:\AppServ\www\rq\framework\base\CApplication.php(169): CWebApplication->processRequest()
#15 C:\AppServ\www\rq\admin.php(13): CApplication->run()
#16 {main}
REQUEST_URI=/rq/admin.php?r=gii/crud
HTTP_REFERER=http://localhost/rq/admin.php?r=gii/controller
---
2014/03/27 10:03:13 [error] [exception.CDbException] exception 'CDbException' with message 'CDbConnection failed to open the DB connection: could not find driver' in C:\AppServ\www\rq\framework\db\CDbConnection.php:381
Stack trace:
#0 C:\AppServ\www\rq\framework\db\CDbConnection.php(330): CDbConnection->open()
#1 C:\AppServ\www\rq\framework\db\CDbConnection.php(308): CDbConnection->setActive(true)
#2 C:\AppServ\www\rq\framework\base\CModule.php(387): CDbConnection->init()
#3 C:\AppServ\www\rq\framework\base\CModule.php(103): CModule->getComponent('db')
#4 C:\AppServ\www\rq\framework\gii\generators\model\ModelCode.php(57): CModule->__get('db')
#5 C:\AppServ\www\rq\framework\web\CFormModel.php(39): ModelCode->init()
#6 C:\AppServ\www\rq\framework\gii\CCodeGenerator.php(153): CFormModel->__construct()
#7 C:\AppServ\www\rq\framework\gii\CCodeGenerator.php(63): CCodeGenerator->prepare()
#8 C:\AppServ\www\rq\framework\web\actions\CInlineAction.php(49): CCodeGenerator->actionIndex()
#9 C:\AppServ\www\rq\framework\web\CController.php(308): CInlineAction->runWithParams(Array)
#10 C:\AppServ\www\rq\framework\web\CController.php(286): CController->runAction(Object(CInlineAction))
#11 C:\AppServ\www\rq\framework\web\CController.php(265): CController->runActionWithFilters(Object(CInlineAction), Array)
#12 C:\AppServ\www\rq\framework\web\CWebApplication.php(282): CController->run('')
#13 C:\AppServ\www\rq\framework\web\CWebApplication.php(141): CWebApplication->runController('gii/model')
#14 C:\AppServ\www\rq\framework\base\CApplication.php(169): CWebApplication->processRequest()
#15 C:\AppServ\www\rq\admin.php(13): CApplication->run()
#16 {main}
REQUEST_URI=/rq/admin.php?r=gii/model
HTTP_REFERER=http://localhost/rq/admin.php?r=gii/form
---
2014/03/27 10:06:07 [error] [exception.CDbException] exception 'CDbException' with message 'CDbConnection failed to open the DB connection: could not find driver' in C:\AppServ\www\rq\framework\db\CDbConnection.php:381
Stack trace:
#0 C:\AppServ\www\rq\framework\db\CDbConnection.php(330): CDbConnection->open()
#1 C:\AppServ\www\rq\framework\db\CDbConnection.php(308): CDbConnection->setActive(true)
#2 C:\AppServ\www\rq\framework\base\CModule.php(387): CDbConnection->init()
#3 C:\AppServ\www\rq\framework\base\CModule.php(103): CModule->getComponent('db')
#4 C:\AppServ\www\rq\framework\gii\generators\model\ModelCode.php(57): CModule->__get('db')
#5 C:\AppServ\www\rq\framework\web\CFormModel.php(39): ModelCode->init()
#6 C:\AppServ\www\rq\framework\gii\CCodeGenerator.php(153): CFormModel->__construct()
#7 C:\AppServ\www\rq\framework\gii\CCodeGenerator.php(63): CCodeGenerator->prepare()
#8 C:\AppServ\www\rq\framework\web\actions\CInlineAction.php(49): CCodeGenerator->actionIndex()
#9 C:\AppServ\www\rq\framework\web\CController.php(308): CInlineAction->runWithParams(Array)
#10 C:\AppServ\www\rq\framework\web\CController.php(286): CController->runAction(Object(CInlineAction))
#11 C:\AppServ\www\rq\framework\web\CController.php(265): CController->runActionWithFilters(Object(CInlineAction), Array)
#12 C:\AppServ\www\rq\framework\web\CWebApplication.php(282): CController->run('')
#13 C:\AppServ\www\rq\framework\web\CWebApplication.php(141): CWebApplication->runController('gii/model')
#14 C:\AppServ\www\rq\framework\base\CApplication.php(169): CWebApplication->processRequest()
#15 C:\AppServ\www\rq\admin.php(13): CApplication->run()
#16 {main}
REQUEST_URI=/rq/admin.php?r=gii/model
HTTP_REFERER=http://localhost/rq/admin.php?r=gii/module
---
2014/03/27 10:06:46 [error] [exception.CDbException] exception 'CDbException' with message 'CDbConnection failed to open the DB connection: could not find driver' in C:\AppServ\www\rq\framework\db\CDbConnection.php:381
Stack trace:
#0 C:\AppServ\www\rq\framework\db\CDbConnection.php(330): CDbConnection->open()
#1 C:\AppServ\www\rq\framework\db\CDbConnection.php(308): CDbConnection->setActive(true)
#2 C:\AppServ\www\rq\framework\base\CModule.php(387): CDbConnection->init()
#3 C:\AppServ\www\rq\framework\base\CModule.php(103): CModule->getComponent('db')
#4 C:\AppServ\www\rq\framework\gii\generators\model\ModelCode.php(57): CModule->__get('db')
#5 C:\AppServ\www\rq\framework\web\CFormModel.php(39): ModelCode->init()
#6 C:\AppServ\www\rq\framework\gii\CCodeGenerator.php(153): CFormModel->__construct()
#7 C:\AppServ\www\rq\framework\gii\CCodeGenerator.php(63): CCodeGenerator->prepare()
#8 C:\AppServ\www\rq\framework\web\actions\CInlineAction.php(49): CCodeGenerator->actionIndex()
#9 C:\AppServ\www\rq\framework\web\CController.php(308): CInlineAction->runWithParams(Array)
#10 C:\AppServ\www\rq\framework\web\CController.php(286): CController->runAction(Object(CInlineAction))
#11 C:\AppServ\www\rq\framework\web\CController.php(265): CController->runActionWithFilters(Object(CInlineAction), Array)
#12 C:\AppServ\www\rq\framework\web\CWebApplication.php(282): CController->run('')
#13 C:\AppServ\www\rq\framework\web\CWebApplication.php(141): CWebApplication->runController('gii/model')
#14 C:\AppServ\www\rq\framework\base\CApplication.php(169): CWebApplication->processRequest()
#15 C:\AppServ\www\rq\admin.php(13): CApplication->run()
#16 {main}
REQUEST_URI=/rq/admin.php?r=gii/model
HTTP_REFERER=http://localhost/rq/admin.php?r=gii/module
---
2014/03/27 10:06:56 [error] [exception.CDbException] exception 'CDbException' with message 'CDbConnection failed to open the DB connection: could not find driver' in C:\AppServ\www\rq\framework\db\CDbConnection.php:381
Stack trace:
#0 C:\AppServ\www\rq\framework\db\CDbConnection.php(330): CDbConnection->open()
#1 C:\AppServ\www\rq\framework\db\CDbConnection.php(308): CDbConnection->setActive(true)
#2 C:\AppServ\www\rq\framework\base\CModule.php(387): CDbConnection->init()
#3 C:\AppServ\www\rq\framework\base\CModule.php(103): CModule->getComponent('db')
#4 C:\AppServ\www\rq\framework\gii\generators\crud\CrudCode.php(44): CModule->__get('db')
#5 C:\AppServ\www\rq\framework\web\CFormModel.php(39): CrudCode->init()
#6 C:\AppServ\www\rq\framework\gii\CCodeGenerator.php(153): CFormModel->__construct()
#7 C:\AppServ\www\rq\framework\gii\CCodeGenerator.php(63): CCodeGenerator->prepare()
#8 C:\AppServ\www\rq\framework\web\actions\CInlineAction.php(49): CCodeGenerator->actionIndex()
#9 C:\AppServ\www\rq\framework\web\CController.php(308): CInlineAction->runWithParams(Array)
#10 C:\AppServ\www\rq\framework\web\CController.php(286): CController->runAction(Object(CInlineAction))
#11 C:\AppServ\www\rq\framework\web\CController.php(265): CController->runActionWithFilters(Object(CInlineAction), Array)
#12 C:\AppServ\www\rq\framework\web\CWebApplication.php(282): CController->run('')
#13 C:\AppServ\www\rq\framework\web\CWebApplication.php(141): CWebApplication->runController('gii/crud')
#14 C:\AppServ\www\rq\framework\base\CApplication.php(169): CWebApplication->processRequest()
#15 C:\AppServ\www\rq\admin.php(13): CApplication->run()
#16 {main}
REQUEST_URI=/rq/admin.php?r=gii/crud
HTTP_REFERER=http://localhost/rq/admin.php?r=gii/module
---
2014/03/27 10:10:19 [error] [exception.CDbException] exception 'CDbException' with message 'CDbConnection failed to open the DB connection: could not find driver' in C:\AppServ\www\rq\framework\db\CDbConnection.php:381
Stack trace:
#0 C:\AppServ\www\rq\framework\db\CDbConnection.php(330): CDbConnection->open()
#1 C:\AppServ\www\rq\framework\db\CDbConnection.php(308): CDbConnection->setActive(true)
#2 C:\AppServ\www\rq\framework\base\CModule.php(387): CDbConnection->init()
#3 C:\AppServ\www\rq\framework\base\CModule.php(103): CModule->getComponent('db')
#4 C:\AppServ\www\rq\framework\gii\generators\model\ModelCode.php(57): CModule->__get('db')
#5 C:\AppServ\www\rq\framework\web\CFormModel.php(39): ModelCode->init()
#6 C:\AppServ\www\rq\framework\gii\CCodeGenerator.php(153): CFormModel->__construct()
#7 C:\AppServ\www\rq\framework\gii\CCodeGenerator.php(63): CCodeGenerator->prepare()
#8 C:\AppServ\www\rq\framework\web\actions\CInlineAction.php(49): CCodeGenerator->actionIndex()
#9 C:\AppServ\www\rq\framework\web\CController.php(308): CInlineAction->runWithParams(Array)
#10 C:\AppServ\www\rq\framework\web\CController.php(286): CController->runAction(Object(CInlineAction))
#11 C:\AppServ\www\rq\framework\web\CController.php(265): CController->runActionWithFilters(Object(CInlineAction), Array)
#12 C:\AppServ\www\rq\framework\web\CWebApplication.php(282): CController->run('')
#13 C:\AppServ\www\rq\framework\web\CWebApplication.php(141): CWebApplication->runController('gii/model')
#14 C:\AppServ\www\rq\framework\base\CApplication.php(169): CWebApplication->processRequest()
#15 C:\AppServ\www\rq\admin.php(13): CApplication->run()
#16 {main}
REQUEST_URI=/rq/admin.php?r=gii/model
HTTP_REFERER=http://localhost/rq/admin.php?r=gii/module
---
2014/03/27 10:19:24 [error] [exception.CDbException] exception 'CDbException' with message 'CDbConnection failed to open the DB connection: could not find driver' in C:\AppServ\www\rq\framework\db\CDbConnection.php:381
Stack trace:
#0 C:\AppServ\www\rq\framework\db\CDbConnection.php(330): CDbConnection->open()
#1 C:\AppServ\www\rq\framework\db\CDbConnection.php(308): CDbConnection->setActive(true)
#2 C:\AppServ\www\rq\framework\base\CModule.php(387): CDbConnection->init()
#3 C:\AppServ\www\rq\framework\base\CModule.php(103): CModule->getComponent('db')
#4 C:\AppServ\www\rq\framework\gii\generators\model\ModelCode.php(57): CModule->__get('db')
#5 C:\AppServ\www\rq\framework\web\CFormModel.php(39): ModelCode->init()
#6 C:\AppServ\www\rq\framework\gii\CCodeGenerator.php(153): CFormModel->__construct()
#7 C:\AppServ\www\rq\framework\gii\CCodeGenerator.php(63): CCodeGenerator->prepare()
#8 C:\AppServ\www\rq\framework\web\actions\CInlineAction.php(49): CCodeGenerator->actionIndex()
#9 C:\AppServ\www\rq\framework\web\CController.php(308): CInlineAction->runWithParams(Array)
#10 C:\AppServ\www\rq\framework\web\CController.php(286): CController->runAction(Object(CInlineAction))
#11 C:\AppServ\www\rq\framework\web\CController.php(265): CController->runActionWithFilters(Object(CInlineAction), Array)
#12 C:\AppServ\www\rq\framework\web\CWebApplication.php(282): CController->run('')
#13 C:\AppServ\www\rq\framework\web\CWebApplication.php(141): CWebApplication->runController('gii/model')
#14 C:\AppServ\www\rq\framework\base\CApplication.php(169): CWebApplication->processRequest()
#15 C:\AppServ\www\rq\admin.php(13): CApplication->run()
#16 {main}
REQUEST_URI=/rq/admin.php?r=gii/model
HTTP_REFERER=http://localhost/rq/admin.php?r=gii/module
---
